# JRE version: OpenJDK Runtime Environment Temurin-17.0.10+7 (17.0.10+7) (build 17.0.10+7)
# Java VM: OpenJDK 64-Bit Server VM Temurin-17.0.10+7 (17.0.10+7, mixed mode, tiered, compressed oops, compressed class ptrs, parallel gc, windows-amd64)
GC Precious Log:
 CPUs: 12 total, 12 available
 Memory: 7501M
 Large Page Support: Disabled
 NUMA Support: Disabled
 Compressed Oops: Enabled (32-bit)
 Alignments: Space 512K, Generation 512K, Heap 2M
 Heap Min Capacity: 100M
 Heap Initial Capacity: 100M
 Heap Max Capacity: 1G
 Pre-touch: Disabled
 Parallel Workers: 10
Heap:
 PSYoungGen      total 7680K, used 1195K [0x00000000eab00000, 0x00000000eb400000, 0x0000000100000000)
  eden space 7168K, 10% used [0x00000000eab00000,0x00000000eabbcbb8,0x00000000eb200000)
  from space 512K, 86% used [0x00000000eb300000,0x00000000eb36e1e8,0x00000000eb380000)
  to   space 512K, 0% used [0x00000000eb380000,0x00000000eb380000,0x00000000eb400000)
 ParOldGen       total 68608K, used 55966K [0x00000000c0000000, 0x00000000c4300000, 0x00000000eab00000)
  object space 68608K, 81% used [0x00000000c0000000,0x00000000c36a7bd0,0x00000000c4300000)
 Metaspace       used 68730K, committed 69888K, reserved 1114112K
  class space    used 7798K, committed 8320K, reserved 1048576K
GC Heap History (20 events):
Event: 101.980 GC heap before
{Heap before GC invocations=203 (full 3):
 PSYoungGen      total 7680K, used 7328K [0x00000000eab00000, 0x00000000eb480000, 0x0000000100000000)
  eden space 7168K, 100% used [0x00000000eab00000,0x00000000eb200000,0x00000000eb200000)
  from space 512K, 31% used [0x00000000eb380000,0x00000000eb3a8000,0x00000000eb400000)
  to   space 512K, 0% used [0x00000000eb400000,0x00000000eb400000,0x00000000eb480000)
 ParOldGen       total 68608K, used 54337K [0x00000000c0000000, 0x00000000c4300000, 0x00000000eab00000)
  object space 68608K, 79% used [0x00000000c0000000,0x00000000c3510628,0x00000000c4300000)
 Metaspace       used 65094K, committed 66240K, reserved 1114112K
  class space    used 7420K, committed 7936K, reserved 1048576K
}
Event: 101.981 GC heap after
{Heap after GC invocations=203 (full 3):
 PSYoungGen      total 7680K, used 192K [0x00000000eab00000, 0x00000000eb480000, 0x0000000100000000)
  eden space 7168K, 0% used [0x00000000eab00000,0x00000000eab00000,0x00000000eb200000)
  from space 512K, 37% used [0x00000000eb400000,0x00000000eb430000,0x00000000eb480000)
  to   space 512K, 0% used [0x00000000eb380000,0x00000000eb380000,0x00000000eb400000)
 ParOldGen       total 68608K, used 54353K [0x00000000c0000000, 0x00000000c4300000, 0x00000000eab00000)
  object space 68608K, 79% used [0x00000000c0000000,0x00000000c3514628,0x00000000c4300000)
 Metaspace       used 65094K, committed 66240K, reserved 1114112K
  class space    used 7420K, committed 7936K, reserved 1048576K
}
Event: 102.006 GC heap before
{Heap before GC invocations=204 (full 3):
 PSYoungGen      total 7680K, used 7360K [0x00000000eab00000, 0x00000000eb480000, 0x0000000100000000)
  eden space 7168K, 100% used [0x00000000eab00000,0x00000000eb200000,0x00000000eb200000)
  from space 512K, 37% used [0x00000000eb400000,0x00000000eb430000,0x00000000eb480000)
  to   space 512K, 0% used [0x00000000eb380000,0x00000000eb380000,0x00000000eb400000)
 ParOldGen       total 68608K, used 54353K [0x00000000c0000000, 0x00000000c4300000, 0x00000000eab00000)
  object space 68608K, 79% used [0x00000000c0000000,0x00000000c3514628,0x00000000c4300000)
 Metaspace       used 65094K, committed 66240K, reserved 1114112K
  class space    used 7420K, committed 7936K, reserved 1048576K
}
Event: 102.007 GC heap after
{Heap after GC invocations=204 (full 3):
 PSYoungGen      total 7680K, used 192K [0x00000000eab00000, 0x00000000eb480000, 0x0000000100000000)
  eden space 7168K, 0% used [0x00000000eab00000,0x00000000eab00000,0x00000000eb200000)
  from space 512K, 37% used [0x00000000eb380000,0x00000000eb3b0000,0x00000000eb400000)
  to   space 512K, 0% used [0x00000000eb400000,0x00000000eb400000,0x00000000eb480000)
 ParOldGen       total 68608K, used 54353K [0x00000000c0000000, 0x00000000c4300000, 0x00000000eab00000)
  object space 68608K, 79% used [0x00000000c0000000,0x00000000c3514628,0x00000000c4300000)
 Metaspace       used 65094K, committed 66240K, reserved 1114112K
  class space    used 7420K, committed 7936K, reserved 1048576K
}
Event: 102.067 GC heap before
{Heap before GC invocations=205 (full 3):
 PSYoungGen      total 7680K, used 7360K [0x00000000eab00000, 0x00000000eb480000, 0x0000000100000000)
  eden space 7168K, 100% used [0x00000000eab00000,0x00000000eb200000,0x00000000eb200000)
  from space 512K, 37% used [0x00000000eb380000,0x00000000eb3b0000,0x00000000eb400000)
  to   space 512K, 0% used [0x00000000eb400000,0x00000000eb400000,0x00000000eb480000)
 ParOldGen       total 68608K, used 54353K [0x00000000c0000000, 0x00000000c4300000, 0x00000000eab00000)
  object space 68608K, 79% used [0x00000000c0000000,0x00000000c3514628,0x00000000c4300000)
 Metaspace       used 65113K, committed 66240K, reserved 1114112K
  class space    used 7424K, committed 7936K, reserved 1048576K
}
Event: 102.068 GC heap after
{Heap after GC invocations=205 (full 3):
 PSYoungGen      total 7680K, used 256K [0x00000000eab00000, 0x00000000eb480000, 0x0000000100000000)
  eden space 7168K, 0% used [0x00000000eab00000,0x00000000eab00000,0x00000000eb200000)
  from space 512K, 50% used [0x00000000eb400000,0x00000000eb440000,0x00000000eb480000)
  to   space 512K, 0% used [0x00000000eb380000,0x00000000eb380000,0x00000000eb400000)
 ParOldGen       total 68608K, used 54361K [0x00000000c0000000, 0x00000000c4300000, 0x00000000eab00000)
  object space 68608K, 79% used [0x00000000c0000000,0x00000000c3516628,0x00000000c4300000)
 Metaspace       used 65113K, committed 66240K, reserved 1114112K
  class space    used 7424K, committed 7936K, reserved 1048576K
}
Event: 102.346 GC heap before
{Heap before GC invocations=206 (full 3):
 PSYoungGen      total 7680K, used 7423K [0x00000000eab00000, 0x00000000eb480000, 0x0000000100000000)
  eden space 7168K, 99% used [0x00000000eab00000,0x00000000eb1ffff8,0x00000000eb200000)
  from space 512K, 50% used [0x00000000eb400000,0x00000000eb440000,0x00000000eb480000)
  to   space 512K, 0% used [0x00000000eb380000,0x00000000eb380000,0x00000000eb400000)
 ParOldGen       total 68608K, used 54361K [0x00000000c0000000, 0x00000000c4300000, 0x00000000eab00000)
  object space 68608K, 79% used [0x00000000c0000000,0x00000000c3516628,0x00000000c4300000)
 Metaspace       used 65359K, committed 66432K, reserved 1114112K
  class space    used 7447K, committed 7936K, reserved 1048576K
}
Event: 102.349 GC heap after
{Heap after GC invocations=206 (full 3):
 PSYoungGen      total 7680K, used 503K [0x00000000eab00000, 0x00000000eb480000, 0x0000000100000000)
  eden space 7168K, 0% used [0x00000000eab00000,0x00000000eab00000,0x00000000eb200000)
  from space 512K, 98% used [0x00000000eb380000,0x00000000eb3fdfa0,0x00000000eb400000)
  to   space 512K, 0% used [0x00000000eb400000,0x00000000eb400000,0x00000000eb480000)
 ParOldGen       total 68608K, used 54449K [0x00000000c0000000, 0x00000000c4300000, 0x00000000eab00000)
  object space 68608K, 79% used [0x00000000c0000000,0x00000000c352c600,0x00000000c4300000)
 Metaspace       used 65359K, committed 66432K, reserved 1114112K
  class space    used 7447K, committed 7936K, reserved 1048576K
}
Event: 102.578 GC heap before
{Heap before GC invocations=207 (full 3):
 PSYoungGen      total 7680K, used 7671K [0x00000000eab00000, 0x00000000eb480000, 0x0000000100000000)
  eden space 7168K, 99% used [0x00000000eab00000,0x00000000eb1fffc0,0x00000000eb200000)
  from space 512K, 98% used [0x00000000eb380000,0x00000000eb3fdfa0,0x00000000eb400000)
  to   space 512K, 0% used [0x00000000eb400000,0x00000000eb400000,0x00000000eb480000)
 ParOldGen       total 68608K, used 54449K [0x00000000c0000000, 0x00000000c4300000, 0x00000000eab00000)
  object space 68608K, 79% used [0x00000000c0000000,0x00000000c352c600,0x00000000c4300000)
 Metaspace       used 66026K, committed 67200K, reserved 1114112K
  class space    used 7513K, committed 8064K, reserved 1048576K
}
Event: 102.579 GC heap after
{Heap after GC invocations=207 (full 3):
 PSYoungGen      total 7680K, used 480K [0x00000000eab00000, 0x00000000eb480000, 0x0000000100000000)
  eden space 7168K, 0% used [0x00000000eab00000,0x00000000eab00000,0x00000000eb200000)
  from space 512K, 93% used [0x00000000eb400000,0x00000000eb478000,0x00000000eb480000)
  to   space 1024K, 0% used [0x00000000eb280000,0x00000000eb280000,0x00000000eb380000)
 ParOldGen       total 68608K, used 54763K [0x00000000c0000000, 0x00000000c4300000, 0x00000000eab00000)
  object space 68608K, 79% used [0x00000000c0000000,0x00000000c357acf0,0x00000000c4300000)
 Metaspace       used 66026K, committed 67200K, reserved 1114112K
  class space    used 7513K, committed 8064K, reserved 1048576K
}
Event: 102.831 GC heap before
{Heap before GC invocations=208 (full 3):
 PSYoungGen      total 7680K, used 7648K [0x00000000eab00000, 0x00000000eb480000, 0x0000000100000000)
  eden space 7168K, 100% used [0x00000000eab00000,0x00000000eb200000,0x00000000eb200000)
  from space 512K, 93% used [0x00000000eb400000,0x00000000eb478000,0x00000000eb480000)
  to   space 1024K, 0% used [0x00000000eb280000,0x00000000eb280000,0x00000000eb380000)
 ParOldGen       total 68608K, used 54763K [0x00000000c0000000, 0x00000000c4300000, 0x00000000eab00000)
  object space 68608K, 79% used [0x00000000c0000000,0x00000000c357acf0,0x00000000c4300000)
 Metaspace       used 66593K, committed 67776K, reserved 1114112K
  class space    used 7586K, committed 8128K, reserved 1048576K
}
Event: 102.833 GC heap after
{Heap after GC invocations=208 (full 3):
 PSYoungGen      total 8192K, used 895K [0x00000000eab00000, 0x00000000eb480000, 0x0000000100000000)
  eden space 7168K, 0% used [0x00000000eab00000,0x00000000eab00000,0x00000000eb200000)
  from space 1024K, 87% used [0x00000000eb280000,0x00000000eb35ff88,0x00000000eb380000)
  to   space 1024K, 0% used [0x00000000eb380000,0x00000000eb380000,0x00000000eb480000)
 ParOldGen       total 68608K, used 54979K [0x00000000c0000000, 0x00000000c4300000, 0x00000000eab00000)
  object space 68608K, 80% used [0x00000000c0000000,0x00000000c35b0ea0,0x00000000c4300000)
 Metaspace       used 66593K, committed 67776K, reserved 1114112K
  class space    used 7586K, committed 8128K, reserved 1048576K
}
Event: 102.948 GC heap before
{Heap before GC invocations=209 (full 3):
 PSYoungGen      total 8192K, used 8063K [0x00000000eab00000, 0x00000000eb480000, 0x0000000100000000)
  eden space 7168K, 100% used [0x00000000eab00000,0x00000000eb200000,0x00000000eb200000)
  from space 1024K, 87% used [0x00000000eb280000,0x00000000eb35ff88,0x00000000eb380000)
  to   space 1024K, 0% used [0x00000000eb380000,0x00000000eb380000,0x00000000eb480000)
 ParOldGen       total 68608K, used 54979K [0x00000000c0000000, 0x00000000c4300000, 0x00000000eab00000)
  object space 68608K, 80% used [0x00000000c0000000,0x00000000c35b0ea0,0x00000000c4300000)
 Metaspace       used 66801K, committed 67968K, reserved 1114112K
  class space    used 7606K, committed 8128K, reserved 1048576K
}
Event: 102.951 GC heap after
{Heap after GC invocations=209 (full 3):
 PSYoungGen      total 7680K, used 448K [0x00000000eab00000, 0x00000000eb400000, 0x0000000100000000)
  eden space 7168K, 0% used [0x00000000eab00000,0x00000000eab00000,0x00000000eb200000)
  from space 512K, 87% used [0x00000000eb380000,0x00000000eb3f0020,0x00000000eb400000)
  to   space 1024K, 0% used [0x00000000eb200000,0x00000000eb200000,0x00000000eb300000)
 ParOldGen       total 68608K, used 55163K [0x00000000c0000000, 0x00000000c4300000, 0x00000000eab00000)
  object space 68608K, 80% used [0x00000000c0000000,0x00000000c35deeb0,0x00000000c4300000)
 Metaspace       used 66801K, committed 67968K, reserved 1114112K
  class space    used 7606K, committed 8128K, reserved 1048576K
}
Event: 102.981 GC heap before
{Heap before GC invocations=210 (full 3):
 PSYoungGen      total 7680K, used 7616K [0x00000000eab00000, 0x00000000eb400000, 0x0000000100000000)
  eden space 7168K, 100% used [0x00000000eab00000,0x00000000eb200000,0x00000000eb200000)
  from space 512K, 87% used [0x00000000eb380000,0x00000000eb3f0020,0x00000000eb400000)
  to   space 1024K, 0% used [0x00000000eb200000,0x00000000eb200000,0x00000000eb300000)
 ParOldGen       total 68608K, used 55163K [0x00000000c0000000, 0x00000000c4300000, 0x00000000eab00000)
  object space 68608K, 80% used [0x00000000c0000000,0x00000000c35deeb0,0x00000000c4300000)
 Metaspace       used 66806K, committed 67968K, reserved 1114112K
  class space    used 7606K, committed 8128K, reserved 1048576K
}
Event: 102.982 GC heap after
{Heap after GC invocations=210 (full 3):
 PSYoungGen      total 8192K, used 352K [0x00000000eab00000, 0x00000000eb400000, 0x0000000100000000)
  eden space 7168K, 0% used [0x00000000eab00000,0x00000000eab00000,0x00000000eb200000)
  from space 1024K, 34% used [0x00000000eb200000,0x00000000eb258000,0x00000000eb300000)
  to   space 512K, 0% used [0x00000000eb380000,0x00000000eb380000,0x00000000eb400000)
 ParOldGen       total 68608K, used 55507K [0x00000000c0000000, 0x00000000c4300000, 0x00000000eab00000)
  object space 68608K, 80% used [0x00000000c0000000,0x00000000c3634ed0,0x00000000c4300000)
 Metaspace       used 66806K, committed 67968K, reserved 1114112K
  class space    used 7606K, committed 8128K, reserved 1048576K
}
Event: 103.122 GC heap before
{Heap before GC invocations=211 (full 3):
 PSYoungGen      total 8192K, used 7520K [0x00000000eab00000, 0x00000000eb400000, 0x0000000100000000)
  eden space 7168K, 100% used [0x00000000eab00000,0x00000000eb200000,0x00000000eb200000)
  from space 1024K, 34% used [0x00000000eb200000,0x00000000eb258000,0x00000000eb300000)
  to   space 512K, 0% used [0x00000000eb380000,0x00000000eb380000,0x00000000eb400000)
 ParOldGen       total 68608K, used 55507K [0x00000000c0000000, 0x00000000c4300000, 0x00000000eab00000)
  object space 68608K, 80% used [0x00000000c0000000,0x00000000c3634ed0,0x00000000c4300000)
 Metaspace       used 67814K, committed 68928K, reserved 1114112K
  class space    used 7686K, committed 8192K, reserved 1048576K
}
Event: 103.123 GC heap after
{Heap after GC invocations=211 (full 3):
 PSYoungGen      total 7680K, used 464K [0x00000000eab00000, 0x00000000eb400000, 0x0000000100000000)
  eden space 7168K, 0% used [0x00000000eab00000,0x00000000eab00000,0x00000000eb200000)
  from space 512K, 90% used [0x00000000eb380000,0x00000000eb3f4010,0x00000000eb400000)
  to   space 512K, 0% used [0x00000000eb300000,0x00000000eb300000,0x00000000eb380000)
 ParOldGen       total 68608K, used 55635K [0x00000000c0000000, 0x00000000c4300000, 0x00000000eab00000)
  object space 68608K, 81% used [0x00000000c0000000,0x00000000c3654ed0,0x00000000c4300000)
 Metaspace       used 67814K, committed 68928K, reserved 1114112K
  class space    used 7686K, committed 8192K, reserved 1048576K
}
Event: 103.306 GC heap before
{Heap before GC invocations=212 (full 3):
 PSYoungGen      total 7680K, used 7632K [0x00000000eab00000, 0x00000000eb400000, 0x0000000100000000)
  eden space 7168K, 100% used [0x00000000eab00000,0x00000000eb200000,0x00000000eb200000)
  from space 512K, 90% used [0x00000000eb380000,0x00000000eb3f4010,0x00000000eb400000)
  to   space 512K, 0% used [0x00000000eb300000,0x00000000eb300000,0x00000000eb380000)
 ParOldGen       total 68608K, used 55635K [0x00000000c0000000, 0x00000000c4300000, 0x00000000eab00000)
  object space 68608K, 81% used [0x00000000c0000000,0x00000000c3654ed0,0x00000000c4300000)
 Metaspace       used 68692K, committed 69888K, reserved 1114112K
  class space    used 7796K, committed 8320K, reserved 1048576K
}
Event: 103.308 GC heap after
{Heap after GC invocations=212 (full 3):
 PSYoungGen      total 7680K, used 440K [0x00000000eab00000, 0x00000000eb400000, 0x0000000100000000)
  eden space 7168K, 0% used [0x00000000eab00000,0x00000000eab00000,0x00000000eb200000)
  from space 512K, 86% used [0x00000000eb300000,0x00000000eb36e1e8,0x00000000eb380000)
  to   space 512K, 0% used [0x00000000eb380000,0x00000000eb380000,0x00000000eb400000)
 ParOldGen       total 68608K, used 55966K [0x00000000c0000000, 0x00000000c4300000, 0x00000000eab00000)
  object space 68608K, 81% used [0x00000000c0000000,0x00000000c36a7bd0,0x00000000c4300000)
 Metaspace       used 68692K, committed 69888K, reserved 1114112K
  class space    used 7796K, committed 8320K, reserved 1048576K
}

