# JRE version: OpenJDK Runtime Environment Temurin-17.0.10+7 (17.0.10+7) (build 17.0.10+7)
# Java VM: OpenJDK 64-Bit Server VM Temurin-17.0.10+7 (17.0.10+7, mixed mode, tiered, compressed oops, compressed class ptrs, parallel gc, windows-amd64)
GC Precious Log:
 CPUs: 12 total, 12 available
 Memory: 7501M
 Large Page Support: Disabled
 NUMA Support: Disabled
 Compressed Oops: Enabled (32-bit)
 Alignments: Space 512K, Generation 512K, Heap 2M
 Heap Min Capacity: 100M
 Heap Initial Capacity: 100M
 Heap Max Capacity: 1G
 Pre-touch: Disabled
 Parallel Workers: 10
Heap:
 PSYoungGen      total 22528K, used 3476K [0x00000000eab00000, 0x00000000ec780000, 0x0000000100000000)
  eden space 22016K, 13% used [0x00000000eab00000,0x00000000eade5078,0x00000000ec080000)
  from space 512K, 100% used [0x00000000ec700000,0x00000000ec780000,0x00000000ec780000)
  to   space 2048K, 0% used [0x00000000ec380000,0x00000000ec380000,0x00000000ec580000)
 ParOldGen       total 68608K, used 19969K [0x00000000c0000000, 0x00000000c4300000, 0x00000000eab00000)
  object space 68608K, 29% used [0x00000000c0000000,0x00000000c1380730,0x00000000c4300000)
 Metaspace       used 46866K, committed 47872K, reserved 1114112K
  class space    used 4963K, committed 5440K, reserved 1048576K
GC Heap History (20 events):
Event: 4.080 GC heap before
{Heap before GC invocations=9 (full 1):
 PSYoungGen      total 28672K, used 28640K [0x00000000eab00000, 0x00000000ece00000, 0x0000000100000000)
  eden space 24576K, 100% used [0x00000000eab00000,0x00000000ec300000,0x00000000ec300000)
  from space 4096K, 99% used [0x00000000ec400000,0x00000000ec7f8148,0x00000000ec800000)
  to   space 5632K, 0% used [0x00000000ec880000,0x00000000ec880000,0x00000000ece00000)
 ParOldGen       total 68608K, used 11357K [0x00000000c0000000, 0x00000000c4300000, 0x00000000eab00000)
  object space 68608K, 16% used [0x00000000c0000000,0x00000000c0b174c8,0x00000000c4300000)
 Metaspace       used 29305K, committed 29952K, reserved 1114112K
  class space    used 2899K, committed 3136K, reserved 1048576K
}
Event: 4.082 GC heap after
{Heap after GC invocations=9 (full 1):
 PSYoungGen      total 28672K, used 4379K [0x00000000eab00000, 0x00000000ecd00000, 0x0000000100000000)
  eden space 24064K, 0% used [0x00000000eab00000,0x00000000eab00000,0x00000000ec280000)
  from space 4608K, 95% used [0x00000000ec880000,0x00000000eccc6eb8,0x00000000ecd00000)
  to   space 4608K, 0% used [0x00000000ec400000,0x00000000ec400000,0x00000000ec880000)
 ParOldGen       total 68608K, used 11365K [0x00000000c0000000, 0x00000000c4300000, 0x00000000eab00000)
  object space 68608K, 16% used [0x00000000c0000000,0x00000000c0b194c8,0x00000000c4300000)
 Metaspace       used 29305K, committed 29952K, reserved 1114112K
  class space    used 2899K, committed 3136K, reserved 1048576K
}
Event: 4.241 GC heap before
{Heap before GC invocations=10 (full 1):
 PSYoungGen      total 28672K, used 28443K [0x00000000eab00000, 0x00000000ecd00000, 0x0000000100000000)
  eden space 24064K, 100% used [0x00000000eab00000,0x00000000ec280000,0x00000000ec280000)
  from space 4608K, 95% used [0x00000000ec880000,0x00000000eccc6eb8,0x00000000ecd00000)
  to   space 4608K, 0% used [0x00000000ec400000,0x00000000ec400000,0x00000000ec880000)
 ParOldGen       total 68608K, used 11365K [0x00000000c0000000, 0x00000000c4300000, 0x00000000eab00000)
  object space 68608K, 16% used [0x00000000c0000000,0x00000000c0b194c8,0x00000000c4300000)
 Metaspace       used 32231K, committed 32896K, reserved 1114112K
  class space    used 3124K, committed 3392K, reserved 1048576K
}
Event: 4.245 GC heap after
{Heap after GC invocations=10 (full 1):
 PSYoungGen      total 28160K, used 4294K [0x00000000eab00000, 0x00000000ecb00000, 0x0000000100000000)
  eden space 23552K, 0% used [0x00000000eab00000,0x00000000eab00000,0x00000000ec200000)
  from space 4608K, 93% used [0x00000000ec400000,0x00000000ec8318d8,0x00000000ec880000)
  to   space 2560K, 0% used [0x00000000ec880000,0x00000000ec880000,0x00000000ecb00000)
 ParOldGen       total 68608K, used 13446K [0x00000000c0000000, 0x00000000c4300000, 0x00000000eab00000)
  object space 68608K, 19% used [0x00000000c0000000,0x00000000c0d218f0,0x00000000c4300000)
 Metaspace       used 32231K, committed 32896K, reserved 1114112K
  class space    used 3124K, committed 3392K, reserved 1048576K
}
Event: 4.559 GC heap before
{Heap before GC invocations=11 (full 1):
 PSYoungGen      total 28160K, used 27846K [0x00000000eab00000, 0x00000000ecb00000, 0x0000000100000000)
  eden space 23552K, 100% used [0x00000000eab00000,0x00000000ec200000,0x00000000ec200000)
  from space 4608K, 93% used [0x00000000ec400000,0x00000000ec8318d8,0x00000000ec880000)
  to   space 2560K, 0% used [0x00000000ec880000,0x00000000ec880000,0x00000000ecb00000)
 ParOldGen       total 68608K, used 13446K [0x00000000c0000000, 0x00000000c4300000, 0x00000000eab00000)
  object space 68608K, 19% used [0x00000000c0000000,0x00000000c0d218f0,0x00000000c4300000)
 Metaspace       used 34390K, committed 35136K, reserved 1114112K
  class space    used 3329K, committed 3648K, reserved 1048576K
}
Event: 4.562 GC heap after
{Heap after GC invocations=11 (full 1):
 PSYoungGen      total 25600K, used 2081K [0x00000000eab00000, 0x00000000ecb00000, 0x0000000100000000)
  eden space 23040K, 0% used [0x00000000eab00000,0x00000000eab00000,0x00000000ec180000)
  from space 2560K, 81% used [0x00000000ec880000,0x00000000eca886e8,0x00000000ecb00000)
  to   space 3072K, 0% used [0x00000000ec500000,0x00000000ec500000,0x00000000ec800000)
 ParOldGen       total 68608K, used 16432K [0x00000000c0000000, 0x00000000c4300000, 0x00000000eab00000)
  object space 68608K, 23% used [0x00000000c0000000,0x00000000c100c3a0,0x00000000c4300000)
 Metaspace       used 34390K, committed 35136K, reserved 1114112K
  class space    used 3329K, committed 3648K, reserved 1048576K
}
Event: 4.659 GC heap before
{Heap before GC invocations=12 (full 1):
 PSYoungGen      total 25600K, used 6064K [0x00000000eab00000, 0x00000000ecb00000, 0x0000000100000000)
  eden space 23040K, 17% used [0x00000000eab00000,0x00000000eaee3b80,0x00000000ec180000)
  from space 2560K, 81% used [0x00000000ec880000,0x00000000eca886e8,0x00000000ecb00000)
  to   space 3072K, 0% used [0x00000000ec500000,0x00000000ec500000,0x00000000ec800000)
 ParOldGen       total 68608K, used 16432K [0x00000000c0000000, 0x00000000c4300000, 0x00000000eab00000)
  object space 68608K, 23% used [0x00000000c0000000,0x00000000c100c3a0,0x00000000c4300000)
 Metaspace       used 35128K, committed 35840K, reserved 1114112K
  class space    used 3422K, committed 3712K, reserved 1048576K
}
Event: 4.662 GC heap after
{Heap after GC invocations=12 (full 1):
 PSYoungGen      total 23552K, used 416K [0x00000000eab00000, 0x00000000ec900000, 0x0000000100000000)
  eden space 23040K, 0% used [0x00000000eab00000,0x00000000eab00000,0x00000000ec180000)
  from space 512K, 81% used [0x00000000ec500000,0x00000000ec568000,0x00000000ec580000)
  to   space 1536K, 0% used [0x00000000ec780000,0x00000000ec780000,0x00000000ec900000)
 ParOldGen       total 68608K, used 18441K [0x00000000c0000000, 0x00000000c4300000, 0x00000000eab00000)
  object space 68608K, 26% used [0x00000000c0000000,0x00000000c12026e8,0x00000000c4300000)
 Metaspace       used 35128K, committed 35840K, reserved 1114112K
  class space    used 3422K, committed 3712K, reserved 1048576K
}
Event: 4.662 GC heap before
{Heap before GC invocations=13 (full 2):
 PSYoungGen      total 23552K, used 416K [0x00000000eab00000, 0x00000000ec900000, 0x0000000100000000)
  eden space 23040K, 0% used [0x00000000eab00000,0x00000000eab00000,0x00000000ec180000)
  from space 512K, 81% used [0x00000000ec500000,0x00000000ec568000,0x00000000ec580000)
  to   space 1536K, 0% used [0x00000000ec780000,0x00000000ec780000,0x00000000ec900000)
 ParOldGen       total 68608K, used 18441K [0x00000000c0000000, 0x00000000c4300000, 0x00000000eab00000)
  object space 68608K, 26% used [0x00000000c0000000,0x00000000c12026e8,0x00000000c4300000)
 Metaspace       used 35128K, committed 35840K, reserved 1114112K
  class space    used 3422K, committed 3712K, reserved 1048576K
}
Event: 4.689 GC heap after
{Heap after GC invocations=13 (full 2):
 PSYoungGen      total 23552K, used 0K [0x00000000eab00000, 0x00000000ec900000, 0x0000000100000000)
  eden space 23040K, 0% used [0x00000000eab00000,0x00000000eab00000,0x00000000ec180000)
  from space 512K, 0% used [0x00000000ec500000,0x00000000ec500000,0x00000000ec580000)
  to   space 1536K, 0% used [0x00000000ec780000,0x00000000ec780000,0x00000000ec900000)
 ParOldGen       total 68608K, used 17010K [0x00000000c0000000, 0x00000000c4300000, 0x00000000eab00000)
  object space 68608K, 24% used [0x00000000c0000000,0x00000000c109cbb0,0x00000000c4300000)
 Metaspace       used 35115K, committed 35840K, reserved 1114112K
  class space    used 3418K, committed 3712K, reserved 1048576K
}
Event: 4.941 GC heap before
{Heap before GC invocations=14 (full 2):
 PSYoungGen      total 23552K, used 23040K [0x00000000eab00000, 0x00000000ec900000, 0x0000000100000000)
  eden space 23040K, 100% used [0x00000000eab00000,0x00000000ec180000,0x00000000ec180000)
  from space 512K, 0% used [0x00000000ec500000,0x00000000ec500000,0x00000000ec580000)
  to   space 1536K, 0% used [0x00000000ec780000,0x00000000ec780000,0x00000000ec900000)
 ParOldGen       total 68608K, used 17010K [0x00000000c0000000, 0x00000000c4300000, 0x00000000eab00000)
  object space 68608K, 24% used [0x00000000c0000000,0x00000000c109cbb0,0x00000000c4300000)
 Metaspace       used 37533K, committed 38400K, reserved 1114112K
  class space    used 3711K, committed 4096K, reserved 1048576K
}
Event: 4.943 GC heap after
{Heap after GC invocations=14 (full 2):
 PSYoungGen      total 24064K, used 1043K [0x00000000eab00000, 0x00000000ec900000, 0x0000000100000000)
  eden space 22528K, 0% used [0x00000000eab00000,0x00000000eab00000,0x00000000ec100000)
  from space 1536K, 67% used [0x00000000ec780000,0x00000000ec884c48,0x00000000ec900000)
  to   space 1536K, 0% used [0x00000000ec600000,0x00000000ec600000,0x00000000ec780000)
 ParOldGen       total 68608K, used 17018K [0x00000000c0000000, 0x00000000c4300000, 0x00000000eab00000)
  object space 68608K, 24% used [0x00000000c0000000,0x00000000c109ebb0,0x00000000c4300000)
 Metaspace       used 37533K, committed 38400K, reserved 1114112K
  class space    used 3711K, committed 4096K, reserved 1048576K
}
Event: 5.128 GC heap before
{Heap before GC invocations=15 (full 2):
 PSYoungGen      total 24064K, used 23571K [0x00000000eab00000, 0x00000000ec900000, 0x0000000100000000)
  eden space 22528K, 100% used [0x00000000eab00000,0x00000000ec100000,0x00000000ec100000)
  from space 1536K, 67% used [0x00000000ec780000,0x00000000ec884c48,0x00000000ec900000)
  to   space 1536K, 0% used [0x00000000ec600000,0x00000000ec600000,0x00000000ec780000)
 ParOldGen       total 68608K, used 17018K [0x00000000c0000000, 0x00000000c4300000, 0x00000000eab00000)
  object space 68608K, 24% used [0x00000000c0000000,0x00000000c109ebb0,0x00000000c4300000)
 Metaspace       used 40331K, committed 41216K, reserved 1114112K
  class space    used 4115K, committed 4480K, reserved 1048576K
}
Event: 5.130 GC heap after
{Heap after GC invocations=15 (full 2):
 PSYoungGen      total 23040K, used 608K [0x00000000eab00000, 0x00000000ec800000, 0x0000000100000000)
  eden space 22016K, 0% used [0x00000000eab00000,0x00000000eab00000,0x00000000ec080000)
  from space 1024K, 59% used [0x00000000ec600000,0x00000000ec698000,0x00000000ec700000)
  to   space 1024K, 0% used [0x00000000ec700000,0x00000000ec700000,0x00000000ec800000)
 ParOldGen       total 68608K, used 17881K [0x00000000c0000000, 0x00000000c4300000, 0x00000000eab00000)
  object space 68608K, 26% used [0x00000000c0000000,0x00000000c1176730,0x00000000c4300000)
 Metaspace       used 40331K, committed 41216K, reserved 1114112K
  class space    used 4115K, committed 4480K, reserved 1048576K
}
Event: 5.290 GC heap before
{Heap before GC invocations=16 (full 2):
 PSYoungGen      total 23040K, used 22607K [0x00000000eab00000, 0x00000000ec800000, 0x0000000100000000)
  eden space 22016K, 99% used [0x00000000eab00000,0x00000000ec07be58,0x00000000ec080000)
  from space 1024K, 59% used [0x00000000ec600000,0x00000000ec698000,0x00000000ec700000)
  to   space 1024K, 0% used [0x00000000ec700000,0x00000000ec700000,0x00000000ec800000)
 ParOldGen       total 68608K, used 17881K [0x00000000c0000000, 0x00000000c4300000, 0x00000000eab00000)
  object space 68608K, 26% used [0x00000000c0000000,0x00000000c1176730,0x00000000c4300000)
 Metaspace       used 41978K, committed 42944K, reserved 1114112K
  class space    used 4330K, committed 4800K, reserved 1048576K
}
Event: 5.291 GC heap after
{Heap after GC invocations=16 (full 2):
 PSYoungGen      total 23040K, used 865K [0x00000000eab00000, 0x00000000ec800000, 0x0000000100000000)
  eden space 22016K, 0% used [0x00000000eab00000,0x00000000eab00000,0x00000000ec080000)
  from space 1024K, 84% used [0x00000000ec700000,0x00000000ec7d8710,0x00000000ec800000)
  to   space 1024K, 0% used [0x00000000ec600000,0x00000000ec600000,0x00000000ec700000)
 ParOldGen       total 68608K, used 18393K [0x00000000c0000000, 0x00000000c4300000, 0x00000000eab00000)
  object space 68608K, 26% used [0x00000000c0000000,0x00000000c11f6730,0x00000000c4300000)
 Metaspace       used 41978K, committed 42944K, reserved 1114112K
  class space    used 4330K, committed 4800K, reserved 1048576K
}
Event: 5.607 GC heap before
{Heap before GC invocations=17 (full 2):
 PSYoungGen      total 23040K, used 22881K [0x00000000eab00000, 0x00000000ec800000, 0x0000000100000000)
  eden space 22016K, 100% used [0x00000000eab00000,0x00000000ec080000,0x00000000ec080000)
  from space 1024K, 84% used [0x00000000ec700000,0x00000000ec7d8710,0x00000000ec800000)
  to   space 1024K, 0% used [0x00000000ec600000,0x00000000ec600000,0x00000000ec700000)
 ParOldGen       total 68608K, used 18393K [0x00000000c0000000, 0x00000000c4300000, 0x00000000eab00000)
  object space 68608K, 26% used [0x00000000c0000000,0x00000000c11f6730,0x00000000c4300000)
 Metaspace       used 43990K, committed 44992K, reserved 1114112K
  class space    used 4591K, committed 5056K, reserved 1048576K
}
Event: 5.609 GC heap after
{Heap after GC invocations=17 (full 2):
 PSYoungGen      total 23040K, used 704K [0x00000000eab00000, 0x00000000ec780000, 0x0000000100000000)
  eden space 22016K, 0% used [0x00000000eab00000,0x00000000eab00000,0x00000000ec080000)
  from space 1024K, 68% used [0x00000000ec600000,0x00000000ec6b0000,0x00000000ec700000)
  to   space 512K, 0% used [0x00000000ec700000,0x00000000ec700000,0x00000000ec780000)
 ParOldGen       total 68608K, used 18953K [0x00000000c0000000, 0x00000000c4300000, 0x00000000eab00000)
  object space 68608K, 27% used [0x00000000c0000000,0x00000000c1282730,0x00000000c4300000)
 Metaspace       used 43990K, committed 44992K, reserved 1114112K
  class space    used 4591K, committed 5056K, reserved 1048576K
}
Event: 6.013 GC heap before
{Heap before GC invocations=18 (full 2):
 PSYoungGen      total 23040K, used 22720K [0x00000000eab00000, 0x00000000ec780000, 0x0000000100000000)
  eden space 22016K, 100% used [0x00000000eab00000,0x00000000ec080000,0x00000000ec080000)
  from space 1024K, 68% used [0x00000000ec600000,0x00000000ec6b0000,0x00000000ec700000)
  to   space 512K, 0% used [0x00000000ec700000,0x00000000ec700000,0x00000000ec780000)
 ParOldGen       total 68608K, used 18953K [0x00000000c0000000, 0x00000000c4300000, 0x00000000eab00000)
  object space 68608K, 27% used [0x00000000c0000000,0x00000000c1282730,0x00000000c4300000)
 Metaspace       used 46602K, committed 47552K, reserved 1114112K
  class space    used 4923K, committed 5376K, reserved 1048576K
}
Event: 6.014 GC heap after
{Heap after GC invocations=18 (full 2):
 PSYoungGen      total 22528K, used 512K [0x00000000eab00000, 0x00000000ec780000, 0x0000000100000000)
  eden space 22016K, 0% used [0x00000000eab00000,0x00000000eab00000,0x00000000ec080000)
  from space 512K, 100% used [0x00000000ec700000,0x00000000ec780000,0x00000000ec780000)
  to   space 2048K, 0% used [0x00000000ec380000,0x00000000ec380000,0x00000000ec580000)
 ParOldGen       total 68608K, used 19969K [0x00000000c0000000, 0x00000000c4300000, 0x00000000eab00000)
  object space 68608K, 29% used [0x00000000c0000000,0x00000000c1380730,0x00000000c4300000)
 Metaspace       used 46602K, committed 47552K, reserved 1114112K
  class space    used 4923K, committed 5376K, reserved 1048576K
}

